[debug] [2023-02-21T14:27:27.685Z] ----------------------------------------------------------------------
[debug] [2023-02-21T14:27:27.686Z] Command:       C:\Program Files\nodejs\node.exe C:\Users\Shahobiddin\AppData\Roaming\npm\node_modules\firebase-tools\lib\bin\firebase.js init
[debug] [2023-02-21T14:27:27.687Z] CLI Version:   11.23.1
[debug] [2023-02-21T14:27:27.687Z] Platform:      win32
[debug] [2023-02-21T14:27:27.687Z] Node Version:  v16.17.1
[debug] [2023-02-21T14:27:27.688Z] Time:          Tue Feb 21 2023 17:27:27 GMT+0300 (Москва, стандартное время)
[debug] [2023-02-21T14:27:27.688Z] ----------------------------------------------------------------------
[debug] 
[debug] [2023-02-21T14:27:27.695Z] > command requires scopes: ["email","openid","https://www.googleapis.com/auth/cloudplatformprojects.readonly","https://www.googleapis.com/auth/firebase","https://www.googleapis.com/auth/cloud-platform"]
[debug] [2023-02-21T14:27:27.695Z] > authorizing via signed-in user (shaxobiddinfaxriddinov4@gmail.com)
[info] 
     ######## #### ########  ######## ########     ###     ######  ########
     ##        ##  ##     ## ##       ##     ##  ##   ##  ##       ##
     ######    ##  ########  ######   ########  #########  ######  ######
     ##        ##  ##    ##  ##       ##     ## ##     ##       ## ##
     ##       #### ##     ## ######## ########  ##     ##  ######  ########

You're about to initialize a Firebase project in this directory:

  D:\Najot Ta'lim\Bootcamp N4\firebase-app

[info] 
=== Project Setup
[info] 
[info] First, let's associate this project directory with a Firebase project.
[info] You can create multiple project aliases by running firebase use --add, 
[info] but for now we'll just set up a default project.
[info] 
[debug] [2023-02-21T14:29:09.440Z] >>> [apiv2][query] GET https://firebase.googleapis.com/v1beta1/projects pageSize=100
[debug] [2023-02-21T14:29:10.552Z] <<< [apiv2][status] GET https://firebase.googleapis.com/v1beta1/projects 200
[debug] [2023-02-21T14:29:10.552Z] <<< [apiv2][body] GET https://firebase.googleapis.com/v1beta1/projects [omitted]
[info] i  Using project fir-app-d35fb (firebase-app) 
[info] 
=== Hosting Setup
[info] 
[info] Your public directory is the folder (relative to your project directory) that
[info] will contain Hosting assets to be uploaded with firebase deploy. If you
[info] have a build process for your assets, use your build's output directory.
[info] 
[info] +  Wrote build/404.html 
[debug] [2023-02-21T14:29:41.571Z] >>> [apiv2][query] GET https://www.gstatic.com/firebasejs/releases.json [none]
[debug] [2023-02-21T14:29:41.990Z] <<< [apiv2][status] GET https://www.gstatic.com/firebasejs/releases.json 200
[debug] [2023-02-21T14:29:41.990Z] <<< [apiv2][body] GET https://www.gstatic.com/firebasejs/releases.json {"current":{"version":"9.17.1","browserURL":"https://www.gstatic.com/firebasejs/9.17.1/firebase.js","packageURL":"https://www.gstatic.com/firebasejs/9.17.1/firebase.tgz"},"live":{"version":"9.17","browserURL":"https://www.gstatic.com/firebasejs/live/9.17/firebase.js","packageURL":"https://www.gstatic.com/firebasejs/live/9.17/firebase.tgz"},"components":{"analytics":"https://www.gstatic.com/firebasejs/9.17.1/firebase-analytics.js","app":"https://www.gstatic.com/firebasejs/9.17.1/firebase-app.js","app-check":"https://www.gstatic.com/firebasejs/9.17.1/firebase-app-check.js","auth":"https://www.gstatic.com/firebasejs/9.17.1/firebase-auth.js","auth/cordova":"https://www.gstatic.com/firebasejs/9.17.1/firebase-auth/cordova.js","auth/react-native":"https://www.gstatic.com/firebasejs/9.17.1/firebase-auth/react-native.js","functions":"https://www.gstatic.com/firebasejs/9.17.1/firebase-functions.js","firestore":"https://www.gstatic.com/firebasejs/9.17.1/firebase-firestore.js","firestore/lite":"https://www.gstatic.com/firebasejs/9.17.1/firebase-firestore/lite.js","installations":"https://www.gstatic.com/firebasejs/9.17.1/firebase-installations.js","storage":"https://www.gstatic.com/firebasejs/9.17.1/firebase-storage.js","performance":"https://www.gstatic.com/firebasejs/9.17.1/firebase-performance.js","remote-config":"https://www.gstatic.com/firebasejs/9.17.1/firebase-remote-config.js","messaging":"https://www.gstatic.com/firebasejs/9.17.1/firebase-messaging.js","messaging/sw":"https://www.gstatic.com/firebasejs/9.17.1/firebase-messaging/sw.js","database":"https://www.gstatic.com/firebasejs/9.17.1/firebase-database.js","firestore.memory":"https://www.gstatic.com/firebasejs/9.17.1/firebase-firestore.memory.js"}}
[info] +  Wrote build/index.html 
[info] 
[info] i  Didn't detect a .git folder. Assuming D:\Najot Ta'lim\Bootcamp N4\firebase-app is the project root. 
[info] i  Authorizing with GitHub to upload your service account to a GitHub repository's secrets store. 
[info] 
[info] Visit this URL on this device to log in:
[info] https://github.com/login/oauth/authorize?client_id=89cf50f02ac6aaed3484&state=839921412&redirect_uri=http%3A%2F%2Flocalhost%3A9005&scope=read%3Auser%20repo%20public_repo
[info] 
[info] Waiting for authentication...
[debug] [2023-02-21T14:29:50.901Z] >>> [apiv2][query] POST https://github.com/login/oauth/access_token [none]
[debug] [2023-02-21T14:29:50.901Z] >>> [apiv2][body] POST https://github.com/login/oauth/access_token [stream]
[debug] [2023-02-21T14:29:51.686Z] <<< [apiv2][status] POST https://github.com/login/oauth/access_token 200
[debug] [2023-02-21T14:29:51.687Z] <<< [apiv2][body] POST https://github.com/login/oauth/access_token {"access_token":"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","token_type":"bearer","scope":"read:user,repo"}
[debug] [2023-02-21T14:29:51.694Z] >>> [apiv2][query] GET https://api.github.com/user [none]
[debug] [2023-02-21T14:29:52.394Z] <<< [apiv2][status] GET https://api.github.com/user 200
[debug] [2023-02-21T14:29:52.394Z] <<< [apiv2][body] GET https://api.github.com/user {"login":"FakhriddinovSh","id":94530124,"node_id":"U_kgDOBaJqTA","avatar_url":"https://avatars.githubusercontent.com/u/94530124?v=4","gravatar_id":"","url":"https://api.github.com/users/FakhriddinovSh","html_url":"https://github.com/FakhriddinovSh","followers_url":"https://api.github.com/users/FakhriddinovSh/followers","following_url":"https://api.github.com/users/FakhriddinovSh/following{/other_user}","gists_url":"https://api.github.com/users/FakhriddinovSh/gists{/gist_id}","starred_url":"https://api.github.com/users/FakhriddinovSh/starred{/owner}{/repo}","subscriptions_url":"https://api.github.com/users/FakhriddinovSh/subscriptions","organizations_url":"https://api.github.com/users/FakhriddinovSh/orgs","repos_url":"https://api.github.com/users/FakhriddinovSh/repos","events_url":"https://api.github.com/users/FakhriddinovSh/events{/privacy}","received_events_url":"https://api.github.com/users/FakhriddinovSh/received_events","type":"User","site_admin":false,"name":"Shahobiddin","company":null,"blog":"Telegram profile: @FakhriddinovSh ","location":null,"email":null,"hireable":null,"bio":"Hello I'm Front-end Developer\r\n","twitter_username":null,"public_repos":131,"public_gists":0,"followers":2,"following":5,"created_at":"2021-11-17T10:22:34Z","updated_at":"2023-02-20T15:40:18Z","private_gists":0,"total_private_repos":10,"owned_private_repos":10,"disk_usage":185342,"collaborators":2,"two_factor_authentication":false,"plan":{"name":"free","space":976562499,"collaborators":0,"private_repos":10000}}
[info] 
[info] +  Success! Logged into GitHub as FakhriddinovSh 
[info] 
